{"D:\\workspaces\\channels\\dist\\bundle-test.js": {"path":"D:\\workspaces\\channels\\dist\\bundle-test.js","statementMap":{"0":{"start":{"line":3,"column":29},"end":{"line":57,"column":3}},"1":{"start":{"line":5,"column":8},"end":{"line":5,"column":31}},"2":{"start":{"line":6,"column":8},"end":{"line":6,"column":36}},"3":{"start":{"line":7,"column":8},"end":{"line":7,"column":33}},"4":{"start":{"line":8,"column":8},"end":{"line":8,"column":32}},"5":{"start":{"line":10,"column":4},"end":{"line":23,"column":6}},"6":{"start":{"line":11,"column":22},"end":{"line":14,"column":9}},"7":{"start":{"line":15,"column":8},"end":{"line":15,"column":48}},"8":{"start":{"line":16,"column":23},"end":{"line":16,"column":54}},"9":{"start":{"line":17,"column":8},"end":{"line":20,"column":9}},"10":{"start":{"line":18,"column":12},"end":{"line":18,"column":26}},"11":{"start":{"line":19,"column":12},"end":{"line":19,"column":55}},"12":{"start":{"line":21,"column":8},"end":{"line":21,"column":34}},"13":{"start":{"line":22,"column":8},"end":{"line":22,"column":26}},"14":{"start":{"line":24,"column":4},"end":{"line":44,"column":6}},"15":{"start":{"line":25,"column":23},"end":{"line":25,"column":54}},"16":{"start":{"line":26,"column":8},"end":{"line":42,"column":9}},"17":{"start":{"line":27,"column":12},"end":{"line":41,"column":13}},"18":{"start":{"line":28,"column":32},"end":{"line":28,"column":43}},"19":{"start":{"line":29,"column":30},"end":{"line":29,"column":58}},"20":{"start":{"line":30,"column":16},"end":{"line":40,"column":17}},"21":{"start":{"line":31,"column":20},"end":{"line":35,"column":32}},"22":{"start":{"line":32,"column":24},"end":{"line":34,"column":30}},"23":{"start":{"line":33,"column":28},"end":{"line":33,"column":45}},"24":{"start":{"line":38,"column":20},"end":{"line":38,"column":42}},"25":{"start":{"line":39,"column":20},"end":{"line":39,"column":24}},"26":{"start":{"line":43,"column":8},"end":{"line":43,"column":55}},"27":{"start":{"line":45,"column":4},"end":{"line":51,"column":6}},"28":{"start":{"line":46,"column":8},"end":{"line":49,"column":9}},"29":{"start":{"line":47,"column":12},"end":{"line":47,"column":48}},"30":{"start":{"line":48,"column":12},"end":{"line":48,"column":24}},"31":{"start":{"line":50,"column":8},"end":{"line":50,"column":21}},"32":{"start":{"line":52,"column":4},"end":{"line":54,"column":6}},"33":{"start":{"line":53,"column":8},"end":{"line":53,"column":47}},"34":{"start":{"line":55,"column":4},"end":{"line":55,"column":29}},"35":{"start":{"line":56,"column":4},"end":{"line":56,"column":19}},"36":{"start":{"line":59,"column":30},"end":{"line":92,"column":3}},"37":{"start":{"line":62,"column":4},"end":{"line":64,"column":6}},"38":{"start":{"line":63,"column":8},"end":{"line":63,"column":54}},"39":{"start":{"line":65,"column":4},"end":{"line":67,"column":6}},"40":{"start":{"line":66,"column":8},"end":{"line":66,"column":58}},"41":{"start":{"line":68,"column":4},"end":{"line":70,"column":6}},"42":{"start":{"line":69,"column":8},"end":{"line":69,"column":53}},"43":{"start":{"line":71,"column":4},"end":{"line":79,"column":6}},"44":{"start":{"line":72,"column":23},"end":{"line":72,"column":40}},"45":{"start":{"line":73,"column":22},"end":{"line":73,"column":43}},"46":{"start":{"line":74,"column":8},"end":{"line":77,"column":9}},"47":{"start":{"line":75,"column":12},"end":{"line":75,"column":57}},"48":{"start":{"line":76,"column":12},"end":{"line":76,"column":44}},"49":{"start":{"line":78,"column":8},"end":{"line":78,"column":23}},"50":{"start":{"line":80,"column":4},"end":{"line":88,"column":6}},"51":{"start":{"line":81,"column":23},"end":{"line":81,"column":40}},"52":{"start":{"line":82,"column":22},"end":{"line":82,"column":43}},"53":{"start":{"line":83,"column":8},"end":{"line":86,"column":9}},"54":{"start":{"line":84,"column":12},"end":{"line":84,"column":41}},"55":{"start":{"line":85,"column":12},"end":{"line":85,"column":24}},"56":{"start":{"line":87,"column":8},"end":{"line":87,"column":21}},"57":{"start":{"line":89,"column":4},"end":{"line":89,"column":27}},"58":{"start":{"line":90,"column":4},"end":{"line":90,"column":63}},"59":{"start":{"line":91,"column":4},"end":{"line":91,"column":20}},"60":{"start":{"line":94,"column":0},"end":{"line":94,"column":26}}},"fnMap":{"0":{"name":"(anonymous_0)","decl":{"start":{"line":3,"column":29},"end":{"line":3,"column":30}},"loc":{"start":{"line":3,"column":41},"end":{"line":57,"column":1}},"line":3},"1":{"name":"Channel","decl":{"start":{"line":4,"column":13},"end":{"line":4,"column":20}},"loc":{"start":{"line":4,"column":44},"end":{"line":9,"column":5}},"line":4},"2":{"name":"(anonymous_2)","decl":{"start":{"line":10,"column":27},"end":{"line":10,"column":28}},"loc":{"start":{"line":10,"column":50},"end":{"line":23,"column":5}},"line":10},"3":{"name":"(anonymous_3)","decl":{"start":{"line":24,"column":29},"end":{"line":24,"column":30}},"loc":{"start":{"line":24,"column":54},"end":{"line":44,"column":5}},"line":24},"4":{"name":"(anonymous_4)","decl":{"start":{"line":31,"column":21},"end":{"line":31,"column":22}},"loc":{"start":{"line":31,"column":40},"end":{"line":35,"column":21}},"line":31},"5":{"name":"(anonymous_5)","decl":{"start":{"line":32,"column":35},"end":{"line":32,"column":36}},"loc":{"start":{"line":32,"column":47},"end":{"line":34,"column":25}},"line":32},"6":{"name":"(anonymous_6)","decl":{"start":{"line":45,"column":28},"end":{"line":45,"column":29}},"loc":{"start":{"line":45,"column":49},"end":{"line":51,"column":5}},"line":45},"7":{"name":"(anonymous_7)","decl":{"start":{"line":52,"column":31},"end":{"line":52,"column":32}},"loc":{"start":{"line":52,"column":43},"end":{"line":54,"column":5}},"line":52},"8":{"name":"(anonymous_8)","decl":{"start":{"line":59,"column":30},"end":{"line":59,"column":31}},"loc":{"start":{"line":59,"column":42},"end":{"line":92,"column":1}},"line":59},"9":{"name":"Channels","decl":{"start":{"line":60,"column":13},"end":{"line":60,"column":21}},"loc":{"start":{"line":60,"column":24},"end":{"line":61,"column":5}},"line":60},"10":{"name":"(anonymous_10)","decl":{"start":{"line":62,"column":18},"end":{"line":62,"column":19}},"loc":{"start":{"line":62,"column":41},"end":{"line":64,"column":5}},"line":62},"11":{"name":"(anonymous_11)","decl":{"start":{"line":65,"column":20},"end":{"line":65,"column":21}},"loc":{"start":{"line":65,"column":45},"end":{"line":67,"column":5}},"line":65},"12":{"name":"(anonymous_12)","decl":{"start":{"line":68,"column":19},"end":{"line":68,"column":20}},"loc":{"start":{"line":68,"column":40},"end":{"line":70,"column":5}},"line":68},"13":{"name":"(anonymous_13)","decl":{"start":{"line":71,"column":19},"end":{"line":71,"column":20}},"loc":{"start":{"line":71,"column":42},"end":{"line":79,"column":5}},"line":71},"14":{"name":"(anonymous_14)","decl":{"start":{"line":80,"column":22},"end":{"line":80,"column":23}},"loc":{"start":{"line":80,"column":45},"end":{"line":88,"column":5}},"line":80}},"branchMap":{"0":{"loc":{"start":{"line":17,"column":8},"end":{"line":20,"column":9}},"type":"if","locations":[{"start":{"line":17,"column":8},"end":{"line":20,"column":9}},{"start":{"line":17,"column":8},"end":{"line":20,"column":9}}],"line":17},"1":{"loc":{"start":{"line":26,"column":8},"end":{"line":42,"column":9}},"type":"if","locations":[{"start":{"line":26,"column":8},"end":{"line":42,"column":9}},{"start":{"line":26,"column":8},"end":{"line":42,"column":9}}],"line":26},"2":{"loc":{"start":{"line":30,"column":16},"end":{"line":40,"column":17}},"type":"if","locations":[{"start":{"line":30,"column":16},"end":{"line":40,"column":17}},{"start":{"line":30,"column":16},"end":{"line":40,"column":17}}],"line":30},"3":{"loc":{"start":{"line":43,"column":15},"end":{"line":43,"column":54}},"type":"binary-expr","locations":[{"start":{"line":43,"column":15},"end":{"line":43,"column":31}},{"start":{"line":43,"column":35},"end":{"line":43,"column":54}}],"line":43},"4":{"loc":{"start":{"line":46,"column":8},"end":{"line":49,"column":9}},"type":"if","locations":[{"start":{"line":46,"column":8},"end":{"line":49,"column":9}},{"start":{"line":46,"column":8},"end":{"line":49,"column":9}}],"line":46},"5":{"loc":{"start":{"line":74,"column":8},"end":{"line":77,"column":9}},"type":"if","locations":[{"start":{"line":74,"column":8},"end":{"line":77,"column":9}},{"start":{"line":74,"column":8},"end":{"line":77,"column":9}}],"line":74},"6":{"loc":{"start":{"line":83,"column":8},"end":{"line":86,"column":9}},"type":"if","locations":[{"start":{"line":83,"column":8},"end":{"line":86,"column":9}},{"start":{"line":83,"column":8},"end":{"line":86,"column":9}}],"line":83}},"s":{"0":1,"1":4,"2":4,"3":4,"4":4,"5":1,"6":4,"7":4,"8":4,"9":4,"10":2,"11":2,"12":4,"13":4,"14":1,"15":5,"16":5,"17":4,"18":6,"19":6,"20":6,"21":4,"22":4,"23":4,"24":2,"25":2,"26":5,"27":1,"28":3,"29":2,"30":2,"31":1,"32":1,"33":1,"34":1,"35":1,"36":1,"37":1,"38":2,"39":1,"40":3,"41":1,"42":2,"43":1,"44":8,"45":8,"46":8,"47":3,"48":3,"49":8,"50":1,"51":3,"52":3,"53":3,"54":2,"55":2,"56":1,"57":1,"58":1,"59":1,"60":1},"f":{"0":1,"1":4,"2":4,"3":5,"4":4,"5":4,"6":3,"7":1,"8":1,"9":0,"10":2,"11":3,"12":2,"13":8,"14":3},"b":{"0":[2,2],"1":[4,1],"2":[4,2],"3":[5,4],"4":[2,1],"5":[3,5],"6":[2,1]},"_coverageSchema":"332fd63041d2c1bcb487cc26dd0d5f7d97098a6c","hash":"16bc4e811746e4fa79a55431c7c6ffcde33705a3"}
}
