{"D:\\workspaces\\channels\\dist\\bundle-test.js": {"path":"D:\\workspaces\\channels\\dist\\bundle-test.js","statementMap":{"0":{"start":{"line":3,"column":29},"end":{"line":56,"column":3}},"1":{"start":{"line":6,"column":4},"end":{"line":19,"column":6}},"2":{"start":{"line":7,"column":22},"end":{"line":10,"column":9}},"3":{"start":{"line":11,"column":8},"end":{"line":11,"column":51}},"4":{"start":{"line":12,"column":23},"end":{"line":12,"column":57}},"5":{"start":{"line":13,"column":8},"end":{"line":16,"column":9}},"6":{"start":{"line":14,"column":12},"end":{"line":14,"column":26}},"7":{"start":{"line":15,"column":12},"end":{"line":15,"column":58}},"8":{"start":{"line":17,"column":8},"end":{"line":17,"column":34}},"9":{"start":{"line":18,"column":8},"end":{"line":18,"column":26}},"10":{"start":{"line":20,"column":4},"end":{"line":44,"column":6}},"11":{"start":{"line":21,"column":23},"end":{"line":21,"column":57}},"12":{"start":{"line":22,"column":8},"end":{"line":42,"column":9}},"13":{"start":{"line":23,"column":26},"end":{"line":36,"column":13}},"14":{"start":{"line":24,"column":32},"end":{"line":24,"column":43}},"15":{"start":{"line":25,"column":30},"end":{"line":25,"column":61}},"16":{"start":{"line":26,"column":16},"end":{"line":34,"column":17}},"17":{"start":{"line":27,"column":20},"end":{"line":29,"column":26}},"18":{"start":{"line":28,"column":24},"end":{"line":28,"column":41}},"19":{"start":{"line":32,"column":20},"end":{"line":32,"column":42}},"20":{"start":{"line":33,"column":20},"end":{"line":33,"column":24}},"21":{"start":{"line":35,"column":16},"end":{"line":35,"column":28}},"22":{"start":{"line":38,"column":12},"end":{"line":41,"column":13}},"23":{"start":{"line":39,"column":16},"end":{"line":39,"column":27}},"24":{"start":{"line":40,"column":16},"end":{"line":40,"column":28}},"25":{"start":{"line":43,"column":8},"end":{"line":43,"column":55}},"26":{"start":{"line":45,"column":4},"end":{"line":51,"column":6}},"27":{"start":{"line":46,"column":8},"end":{"line":49,"column":9}},"28":{"start":{"line":47,"column":12},"end":{"line":47,"column":51}},"29":{"start":{"line":48,"column":12},"end":{"line":48,"column":24}},"30":{"start":{"line":50,"column":8},"end":{"line":50,"column":21}},"31":{"start":{"line":52,"column":4},"end":{"line":52,"column":29}},"32":{"start":{"line":53,"column":4},"end":{"line":53,"column":30}},"33":{"start":{"line":54,"column":4},"end":{"line":54,"column":35}},"34":{"start":{"line":55,"column":4},"end":{"line":55,"column":19}},"35":{"start":{"line":58,"column":30},"end":{"line":91,"column":3}},"36":{"start":{"line":61,"column":4},"end":{"line":63,"column":6}},"37":{"start":{"line":62,"column":8},"end":{"line":62,"column":54}},"38":{"start":{"line":64,"column":4},"end":{"line":66,"column":6}},"39":{"start":{"line":65,"column":8},"end":{"line":65,"column":58}},"40":{"start":{"line":67,"column":4},"end":{"line":69,"column":6}},"41":{"start":{"line":68,"column":8},"end":{"line":68,"column":53}},"42":{"start":{"line":70,"column":4},"end":{"line":78,"column":6}},"43":{"start":{"line":71,"column":23},"end":{"line":71,"column":40}},"44":{"start":{"line":72,"column":22},"end":{"line":72,"column":43}},"45":{"start":{"line":73,"column":8},"end":{"line":76,"column":9}},"46":{"start":{"line":74,"column":12},"end":{"line":74,"column":36}},"47":{"start":{"line":75,"column":12},"end":{"line":75,"column":44}},"48":{"start":{"line":77,"column":8},"end":{"line":77,"column":23}},"49":{"start":{"line":79,"column":4},"end":{"line":87,"column":6}},"50":{"start":{"line":80,"column":23},"end":{"line":80,"column":40}},"51":{"start":{"line":81,"column":22},"end":{"line":81,"column":43}},"52":{"start":{"line":82,"column":8},"end":{"line":85,"column":9}},"53":{"start":{"line":83,"column":12},"end":{"line":83,"column":41}},"54":{"start":{"line":84,"column":12},"end":{"line":84,"column":24}},"55":{"start":{"line":86,"column":8},"end":{"line":86,"column":21}},"56":{"start":{"line":88,"column":4},"end":{"line":88,"column":27}},"57":{"start":{"line":89,"column":4},"end":{"line":89,"column":43}},"58":{"start":{"line":90,"column":4},"end":{"line":90,"column":20}},"59":{"start":{"line":93,"column":0},"end":{"line":93,"column":26}}},"fnMap":{"0":{"name":"(anonymous_0)","decl":{"start":{"line":3,"column":29},"end":{"line":3,"column":30}},"loc":{"start":{"line":3,"column":41},"end":{"line":56,"column":1}},"line":3},"1":{"name":"Channel","decl":{"start":{"line":4,"column":13},"end":{"line":4,"column":20}},"loc":{"start":{"line":4,"column":23},"end":{"line":5,"column":5}},"line":4},"2":{"name":"(anonymous_2)","decl":{"start":{"line":6,"column":27},"end":{"line":6,"column":28}},"loc":{"start":{"line":6,"column":50},"end":{"line":19,"column":5}},"line":6},"3":{"name":"(anonymous_3)","decl":{"start":{"line":20,"column":29},"end":{"line":20,"column":30}},"loc":{"start":{"line":20,"column":54},"end":{"line":44,"column":5}},"line":20},"4":{"name":"(anonymous_4)","decl":{"start":{"line":23,"column":26},"end":{"line":23,"column":27}},"loc":{"start":{"line":23,"column":39},"end":{"line":36,"column":13}},"line":23},"5":{"name":"(anonymous_5)","decl":{"start":{"line":27,"column":31},"end":{"line":27,"column":32}},"loc":{"start":{"line":27,"column":43},"end":{"line":29,"column":21}},"line":27},"6":{"name":"(anonymous_6)","decl":{"start":{"line":45,"column":28},"end":{"line":45,"column":29}},"loc":{"start":{"line":45,"column":49},"end":{"line":51,"column":5}},"line":45},"7":{"name":"(anonymous_7)","decl":{"start":{"line":58,"column":30},"end":{"line":58,"column":31}},"loc":{"start":{"line":58,"column":42},"end":{"line":91,"column":1}},"line":58},"8":{"name":"Channels","decl":{"start":{"line":59,"column":13},"end":{"line":59,"column":21}},"loc":{"start":{"line":59,"column":24},"end":{"line":60,"column":5}},"line":59},"9":{"name":"(anonymous_9)","decl":{"start":{"line":61,"column":18},"end":{"line":61,"column":19}},"loc":{"start":{"line":61,"column":41},"end":{"line":63,"column":5}},"line":61},"10":{"name":"(anonymous_10)","decl":{"start":{"line":64,"column":20},"end":{"line":64,"column":21}},"loc":{"start":{"line":64,"column":45},"end":{"line":66,"column":5}},"line":64},"11":{"name":"(anonymous_11)","decl":{"start":{"line":67,"column":19},"end":{"line":67,"column":20}},"loc":{"start":{"line":67,"column":40},"end":{"line":69,"column":5}},"line":67},"12":{"name":"(anonymous_12)","decl":{"start":{"line":70,"column":19},"end":{"line":70,"column":20}},"loc":{"start":{"line":70,"column":42},"end":{"line":78,"column":5}},"line":70},"13":{"name":"(anonymous_13)","decl":{"start":{"line":79,"column":22},"end":{"line":79,"column":23}},"loc":{"start":{"line":79,"column":45},"end":{"line":87,"column":5}},"line":79}},"branchMap":{"0":{"loc":{"start":{"line":13,"column":8},"end":{"line":16,"column":9}},"type":"if","locations":[{"start":{"line":13,"column":8},"end":{"line":16,"column":9}},{"start":{"line":13,"column":8},"end":{"line":16,"column":9}}],"line":13},"1":{"loc":{"start":{"line":22,"column":8},"end":{"line":42,"column":9}},"type":"if","locations":[{"start":{"line":22,"column":8},"end":{"line":42,"column":9}},{"start":{"line":22,"column":8},"end":{"line":42,"column":9}}],"line":22},"2":{"loc":{"start":{"line":26,"column":16},"end":{"line":34,"column":17}},"type":"if","locations":[{"start":{"line":26,"column":16},"end":{"line":34,"column":17}},{"start":{"line":26,"column":16},"end":{"line":34,"column":17}}],"line":26},"3":{"loc":{"start":{"line":43,"column":15},"end":{"line":43,"column":54}},"type":"binary-expr","locations":[{"start":{"line":43,"column":15},"end":{"line":43,"column":31}},{"start":{"line":43,"column":35},"end":{"line":43,"column":54}}],"line":43},"4":{"loc":{"start":{"line":46,"column":8},"end":{"line":49,"column":9}},"type":"if","locations":[{"start":{"line":46,"column":8},"end":{"line":49,"column":9}},{"start":{"line":46,"column":8},"end":{"line":49,"column":9}}],"line":46},"5":{"loc":{"start":{"line":73,"column":8},"end":{"line":76,"column":9}},"type":"if","locations":[{"start":{"line":73,"column":8},"end":{"line":76,"column":9}},{"start":{"line":73,"column":8},"end":{"line":76,"column":9}}],"line":73},"6":{"loc":{"start":{"line":82,"column":8},"end":{"line":85,"column":9}},"type":"if","locations":[{"start":{"line":82,"column":8},"end":{"line":85,"column":9}},{"start":{"line":82,"column":8},"end":{"line":85,"column":9}}],"line":82}},"s":{"0":1,"1":1,"2":4,"3":4,"4":4,"5":4,"6":1,"7":1,"8":4,"9":4,"10":1,"11":5,"12":5,"13":4,"14":8,"15":8,"16":8,"17":6,"18":6,"19":2,"20":2,"21":8,"22":4,"23":8,"24":8,"25":5,"26":1,"27":3,"28":2,"29":2,"30":1,"31":1,"32":1,"33":1,"34":1,"35":1,"36":1,"37":2,"38":1,"39":3,"40":1,"41":2,"42":1,"43":5,"44":5,"45":5,"46":2,"47":2,"48":5,"49":1,"50":2,"51":2,"52":2,"53":1,"54":1,"55":1,"56":1,"57":1,"58":1,"59":1},"f":{"0":1,"1":3,"2":4,"3":5,"4":8,"5":6,"6":3,"7":1,"8":0,"9":2,"10":3,"11":2,"12":5,"13":2},"b":{"0":[1,3],"1":[4,1],"2":[6,2],"3":[5,4],"4":[2,1],"5":[2,3],"6":[1,1]},"_coverageSchema":"332fd63041d2c1bcb487cc26dd0d5f7d97098a6c","hash":"ff9892f22db2fd561cb0cc69b6771223d5a4db84"}
}
