TN:
SF:D:\workspaces\channels\dist\bundle-test.js
FN:3,(anonymous_0)
FN:4,Channel
FN:8,(anonymous_2)
FN:22,(anonymous_3)
FN:25,(anonymous_4)
FN:29,(anonymous_5)
FN:47,(anonymous_6)
FN:54,(anonymous_7)
FN:63,(anonymous_8)
FN:64,Channels
FN:66,(anonymous_10)
FN:69,(anonymous_11)
FN:72,(anonymous_12)
FN:75,(anonymous_13)
FN:84,(anonymous_14)
FNF:15
FNH:14
FNDA:1,(anonymous_0)
FNDA:4,Channel
FNDA:4,(anonymous_2)
FNDA:5,(anonymous_3)
FNDA:8,(anonymous_4)
FNDA:6,(anonymous_5)
FNDA:3,(anonymous_6)
FNDA:1,(anonymous_7)
FNDA:1,(anonymous_8)
FNDA:0,Channels
FNDA:2,(anonymous_10)
FNDA:3,(anonymous_11)
FNDA:2,(anonymous_12)
FNDA:8,(anonymous_13)
FNDA:3,(anonymous_14)
DA:3,1
DA:5,4
DA:6,4
DA:8,1
DA:9,4
DA:13,4
DA:14,4
DA:15,4
DA:16,1
DA:17,1
DA:19,4
DA:20,4
DA:22,1
DA:23,5
DA:24,5
DA:25,4
DA:26,8
DA:27,8
DA:28,8
DA:29,6
DA:30,6
DA:34,2
DA:35,2
DA:37,8
DA:40,4
DA:41,8
DA:42,8
DA:45,5
DA:47,1
DA:48,3
DA:49,2
DA:50,2
DA:52,1
DA:54,1
DA:55,1
DA:57,1
DA:58,1
DA:59,1
DA:60,1
DA:63,1
DA:66,1
DA:67,2
DA:69,1
DA:70,3
DA:72,1
DA:73,2
DA:75,1
DA:76,8
DA:77,8
DA:78,8
DA:79,3
DA:80,3
DA:82,8
DA:84,1
DA:85,3
DA:86,3
DA:87,3
DA:88,2
DA:89,2
DA:91,1
DA:93,1
DA:94,1
DA:95,1
DA:98,1
LF:64
LH:64
BRDA:15,0,0,1
BRDA:15,0,1,3
BRDA:24,1,0,4
BRDA:24,1,1,1
BRDA:28,2,0,6
BRDA:28,2,1,2
BRDA:45,3,0,5
BRDA:45,3,1,4
BRDA:48,4,0,2
BRDA:48,4,1,1
BRDA:78,5,0,3
BRDA:78,5,1,5
BRDA:87,6,0,2
BRDA:87,6,1,1
BRF:14
BRH:14
end_of_record
