TN:
SF:D:\workspaces\channels\dist\bundle-test.js
FN:3,(anonymous_0)
FN:4,Channel
FN:6,(anonymous_2)
FN:20,(anonymous_3)
FN:23,(anonymous_4)
FN:27,(anonymous_5)
FN:45,(anonymous_6)
FN:58,(anonymous_7)
FN:59,Channels
FN:61,(anonymous_9)
FN:64,(anonymous_10)
FN:67,(anonymous_11)
FN:70,(anonymous_12)
FN:79,(anonymous_13)
FNF:14
FNH:13
FNDA:1,(anonymous_0)
FNDA:3,Channel
FNDA:4,(anonymous_2)
FNDA:5,(anonymous_3)
FNDA:8,(anonymous_4)
FNDA:6,(anonymous_5)
FNDA:3,(anonymous_6)
FNDA:1,(anonymous_7)
FNDA:0,Channels
FNDA:2,(anonymous_9)
FNDA:3,(anonymous_10)
FNDA:2,(anonymous_11)
FNDA:5,(anonymous_12)
FNDA:2,(anonymous_13)
DA:3,1
DA:6,1
DA:7,4
DA:11,4
DA:12,4
DA:13,4
DA:14,1
DA:15,1
DA:17,4
DA:18,4
DA:20,1
DA:21,5
DA:22,5
DA:23,4
DA:24,8
DA:25,8
DA:26,8
DA:27,6
DA:28,6
DA:32,2
DA:33,2
DA:35,8
DA:38,4
DA:39,8
DA:40,8
DA:43,5
DA:45,1
DA:46,3
DA:47,2
DA:48,2
DA:50,1
DA:52,1
DA:53,1
DA:54,1
DA:55,1
DA:58,1
DA:61,1
DA:62,2
DA:64,1
DA:65,3
DA:67,1
DA:68,2
DA:70,1
DA:71,5
DA:72,5
DA:73,5
DA:74,2
DA:75,2
DA:77,5
DA:79,1
DA:80,2
DA:81,2
DA:82,2
DA:83,1
DA:84,1
DA:86,1
DA:88,1
DA:89,1
DA:90,1
DA:93,1
LF:60
LH:60
BRDA:13,0,0,1
BRDA:13,0,1,3
BRDA:22,1,0,4
BRDA:22,1,1,1
BRDA:26,2,0,6
BRDA:26,2,1,2
BRDA:43,3,0,5
BRDA:43,3,1,4
BRDA:46,4,0,2
BRDA:46,4,1,1
BRDA:73,5,0,2
BRDA:73,5,1,3
BRDA:82,6,0,1
BRDA:82,6,1,1
BRF:14
BRH:14
end_of_record
